<?xml version="1.0" encoding="UTF-8"?>
<robot generator="Robot 6.1.1 (Python 3.9.13 on win32)" generated="20231221 16:49:25.458" rpa="false" schemaversion="4">
<suite id="s1" name="RegistrationTest" source="C:\Users\admin\PycharmProjects\Web_Automation_RobotFramework\TestCases\RegistrationTest.robot">
<test id="s1-t1" name="Registration Test" line="10">
<kw name="Open The Browser" library="Register_Keywords">
<arg>${url}</arg>
<arg>${browser}</arg>
<kw name="Open Browser" library="SeleniumLibrary">
<arg>${Site_url}</arg>
<arg>${Browser_Name}</arg>
<doc>Opens a new browser instance to the optional ``url``.</doc>
<msg timestamp="20231221 16:49:25.871" level="INFO">Opening browser 'chrome' to base url 'https://demo.nopcommerce.com/register'.</msg>
<status status="PASS" starttime="20231221 16:49:25.870" endtime="20231221 16:49:30.333"/>
</kw>
<kw name="Maximize Browser Window" library="SeleniumLibrary">
<doc>Maximizes current browser window.</doc>
<status status="PASS" starttime="20231221 16:49:30.336" endtime="20231221 16:49:30.540"/>
</kw>
<status status="PASS" starttime="20231221 16:49:25.869" endtime="20231221 16:49:30.541"/>
</kw>
<kw name="Enter Firstname" library="Register_Keywords">
<arg>Ramesh</arg>
<kw name="Input Text" library="SeleniumLibrary">
<arg>${txt_Firstname}</arg>
<arg>${FirstName}</arg>
<doc>Types the given ``text`` into the text field identified by ``locator``.</doc>
<msg timestamp="20231221 16:49:30.558" level="INFO">Typing text 'Ramesh' into text field 'id:FirstName'.</msg>
<status status="PASS" starttime="20231221 16:49:30.556" endtime="20231221 16:49:30.803"/>
</kw>
<status status="PASS" starttime="20231221 16:49:30.555" endtime="20231221 16:49:30.803"/>
</kw>
<kw name="Enter LastName" library="Register_Keywords">
<arg>Patil</arg>
<kw name="Input Text" library="SeleniumLibrary">
<arg>${txt_Lastname}</arg>
<arg>${LastName}</arg>
<doc>Types the given ``text`` into the text field identified by ``locator``.</doc>
<msg timestamp="20231221 16:49:30.805" level="INFO">Typing text 'Patil' into text field 'id:LastName'.</msg>
<status status="PASS" starttime="20231221 16:49:30.804" endtime="20231221 16:49:30.992"/>
</kw>
<status status="PASS" starttime="20231221 16:49:30.804" endtime="20231221 16:49:30.992"/>
</kw>
<kw name="Enter Email" library="Register_Keywords">
<arg>abcd@rediffmail.com</arg>
<kw name="Input Text" library="SeleniumLibrary">
<arg>${txt_Email}</arg>
<arg>${Email}</arg>
<doc>Types the given ``text`` into the text field identified by ``locator``.</doc>
<msg timestamp="20231221 16:49:30.994" level="INFO">Typing text 'abcd@rediffmail.com' into text field 'id:Email'.</msg>
<status status="PASS" starttime="20231221 16:49:30.993" endtime="20231221 16:49:31.191"/>
</kw>
<status status="PASS" starttime="20231221 16:49:30.993" endtime="20231221 16:49:31.191"/>
</kw>
<kw name="Enter password" library="Register_Keywords">
<arg>abcd12345</arg>
<kw name="Input Text" library="SeleniumLibrary">
<arg>${txt_Password}</arg>
<arg>${PassW}</arg>
<doc>Types the given ``text`` into the text field identified by ``locator``.</doc>
<msg timestamp="20231221 16:49:31.192" level="INFO">Typing text 'abcd12345' into text field 'id:Password'.</msg>
<status status="PASS" starttime="20231221 16:49:31.192" endtime="20231221 16:49:31.405"/>
</kw>
<status status="PASS" starttime="20231221 16:49:31.191" endtime="20231221 16:49:31.405"/>
</kw>
<kw name="Enter Confirm password" library="Register_Keywords">
<arg>abcd12345</arg>
<kw name="Input Text" library="SeleniumLibrary">
<arg>${txt_Confirm_password}</arg>
<arg>${ConfirmPassW}</arg>
<doc>Types the given ``text`` into the text field identified by ``locator``.</doc>
<msg timestamp="20231221 16:49:31.407" level="INFO">Typing text 'abcd12345' into text field 'id:ConfirmPassword'.</msg>
<status status="PASS" starttime="20231221 16:49:31.406" endtime="20231221 16:49:31.601"/>
</kw>
<status status="PASS" starttime="20231221 16:49:31.406" endtime="20231221 16:49:31.601"/>
</kw>
<kw name="ClickRegister" library="Register_Keywords">
<kw name="Click Button" library="SeleniumLibrary">
<arg>${Button_Register}</arg>
<doc>Clicks the button identified by ``locator``.</doc>
<msg timestamp="20231221 16:49:31.603" level="INFO">Clicking button 'id:register-button'.</msg>
<status status="PASS" starttime="20231221 16:49:31.602" endtime="20231221 16:49:32.646"/>
</kw>
<status status="PASS" starttime="20231221 16:49:31.602" endtime="20231221 16:49:32.646"/>
</kw>
<kw name="Verify successfull Registration" library="Register_Keywords">
<kw name="Page Should Contain" library="SeleniumLibrary">
<arg>Your registration completed</arg>
<doc>Verifies that current page contains ``text``.</doc>
<msg timestamp="20231221 16:49:32.681" level="INFO">Current page contains text 'Your registration completed'.</msg>
<status status="PASS" starttime="20231221 16:49:32.647" endtime="20231221 16:49:32.681"/>
</kw>
<status status="PASS" starttime="20231221 16:49:32.646" endtime="20231221 16:49:32.681"/>
</kw>
<kw name="close the browsers" library="Register_Keywords">
<kw name="Close All Browsers" library="SeleniumLibrary">
<doc>Closes all open browsers and resets the browser cache.</doc>
<status status="PASS" starttime="20231221 16:49:32.682" endtime="20231221 16:49:39.838"/>
</kw>
<status status="PASS" starttime="20231221 16:49:32.681" endtime="20231221 16:49:39.838"/>
</kw>
<status status="PASS" starttime="20231221 16:49:25.868" endtime="20231221 16:49:39.839"/>
</test>
<status status="PASS" starttime="20231221 16:49:25.461" endtime="20231221 16:49:39.841"/>
</suite>
<statistics>
<total>
<stat pass="1" fail="0" skip="0">All Tests</stat>
</total>
<tag>
</tag>
<suite>
<stat pass="1" fail="0" skip="0" id="s1" name="RegistrationTest">RegistrationTest</stat>
</suite>
</statistics>
<errors>
</errors>
</robot>
